<?xml version="1.0" encoding="UTF-8"?>
<testsuite xmlns:xsi="http://www.w3.org/2001/XMLSchema-instance" xsi:noNamespaceSchemaLocation="https://maven.apache.org/surefire/maven-surefire-plugin/xsd/surefire-test-report-3.0.xsd" version="3.0" name="com.omrbranch.runner.TestRunner_Class" time="13.058" tests="1" errors="0" skipped="0" failures="0">
  <properties>
[...]
</properties>
  <testcase name="Login to hotel booking page with valid credientials" classname="Verify Omr hotel booking login module Automation" time="10.871">
    <system-out><![CDATA[
@Login @Login1
Scenario Outline: Login to hotel booking page with valid credientials       &amp#27;[90m# src/test/resources/Feature/TC1_Login.feature:11&amp#27;[0m
  &amp#27;[32mGiven &amp#27;[0m&amp#27;[32mUser is on the omr branch page&amp#27;[0m                                      &amp#27;[90m# com.omrbranch.StepDefinition.TC1_LoginStep.user_is_on_the_omr_branch_page()&amp#27;[0m
  &amp#27;[32mWhen &amp#27;[0m&amp#27;[32mUser login &amp#27;[0m&amp#27;[32m&amp#27;[1m"Rajasekar93446@gmail.com"&amp#27;[0m&amp#27;[32m and &amp#27;[0m&amp#27;[32m&amp#27;[1m"Raja@2709"&amp#27;[0m                &amp#27;[90m# com.omrbranch.StepDefinition.TC1_LoginStep.user_login_and(java.lang.String,java.lang.String)&amp#27;[0m
Welcome Msg :Welcome Raja
  &amp#27;[32mThen &amp#27;[0m&amp#27;[32mUser should verify the after login success message as &amp#27;[0m&amp#27;[32m&amp#27;[1m"Welcome Raja"&amp#27;[0m &amp#27;[90m# com.omrbranch.StepDefinition.TC1_LoginStep.user_should_verify_the_after_login_success_message_as(java.lang.String)&amp#27;[0m
]]></system-out>
    <system-err><![CDATA[May 20, 2024 1:29:48 PM org.openqa.selenium.devtools.CdpVersionFinder findNearestMatch
WARNING: Unable to find an exact match for CDP version 124, returning the closest version; found: 122; Please update to a Selenium version that supports CDP version 124
]]></system-err>
  </testcase>
</testsuite>